<?xml version="1.0" encoding="UTF-8"?>
<!-- Generated by org.testng.reporters.JUnitReportReporter -->
<testsuite hostname="LIN65001941" failures="0" tests="1" name="com.cnhi.tests.BreakdownCreationVehicleDetailsTest$Demotest" time="716.511" errors="0" timestamp="21 Apr 2022 06:53:06 GMT" skipped="0">
  <testcase classname="com.cnhi.tests.BreakdownCreationVehicleDetailsTest$Demotest" name="BreakdownCreationVehicleDetailsTest" time="716.511"/>
</testsuite> <!-- com.cnhi.tests.BreakdownCreationVehicleDetailsTest$Demotest -->
