<?xml version="1.0" encoding="UTF-8"?>
<!-- Generated by org.testng.reporters.JUnitReportReporter -->
<testsuite hostname="LIN65001941" failures="0" tests="1" name="com.cnhi.tests.TC06_BreakdownVehicleReceptionDamages$Demotest" time="530.161" errors="0" timestamp="06 Jun 2022 09:07:35 GMT" skipped="0">
  <testcase classname="com.cnhi.tests.TC06_BreakdownVehicleReceptionDamages$Demotest" name="BreakdownVehicleReceptionDamages" time="530.161"/>
</testsuite> <!-- com.cnhi.tests.TC06_BreakdownVehicleReceptionDamages$Demotest -->
