<?xml version="1.0" encoding="UTF-8"?>
<!-- Generated by org.testng.reporters.JUnitReportReporter -->
<testsuite hostname="LIN65001941" failures="0" tests="1" name="com.cnhi.tests.TC02_BreakdownCreationVehicleDetailsTest$Demotest" time="416.849" errors="0" timestamp="17 Jun 2022 03:41:40 GMT" skipped="0">
  <testcase classname="com.cnhi.tests.TC02_BreakdownCreationVehicleDetailsTest$Demotest" name="BreakdownCreationVehicleDetailsTest" time="416.849"/>
</testsuite> <!-- com.cnhi.tests.TC02_BreakdownCreationVehicleDetailsTest$Demotest -->
