<?xml version="1.0" encoding="UTF-8"?>
<!-- Generated by org.testng.reporters.JUnitReportReporter -->
<testsuite hostname="LIN65001941" failures="0" tests="1" name="com.cnhi.tests.VehicleReceptionMileageTachoAndEngineHours$Demotest" time="144.465" errors="0" timestamp="06 Apr 2022 13:03:10 GMT" skipped="0">
  <testcase classname="com.cnhi.tests.VehicleReceptionMileageTachoAndEngineHours$Demotest" name="Test4" time="144.465"/>
</testsuite> <!-- com.cnhi.tests.VehicleReceptionMileageTachoAndEngineHours$Demotest -->
