<?xml version="1.0" encoding="UTF-8"?>
<!-- Generated by org.testng.reporters.JUnitReportReporter -->
<testsuite hostname="LIN65001941" failures="0" tests="1" name="com.cnhi.tests.BreakdownAddActivityFromReceptionChecklist$Demotest" time="807.541" errors="0" timestamp="22 Apr 2022 07:36:13 GMT" skipped="0">
  <testcase classname="com.cnhi.tests.BreakdownAddActivityFromReceptionChecklist$Demotest" name="BreakdownAddActivityFromReceptionChecklist" time="807.541"/>
</testsuite> <!-- com.cnhi.tests.BreakdownAddActivityFromReceptionChecklist$Demotest -->
