<?xml version="1.0" encoding="UTF-8"?>
<!-- Generated by org.testng.reporters.JUnitReportReporter -->
<testsuite hostname="LIN65001941" failures="0" tests="1" name="com.cnhi.tests.TC01_BreakdownCreationJobcardDetails$Demotest" time="531.502" errors="0" timestamp="16 Jun 2022 05:13:37 GMT" skipped="0">
  <testcase classname="com.cnhi.tests.TC01_BreakdownCreationJobcardDetails$Demotest" name="BreakdownCreationJobcardDetails" time="531.502"/>
</testsuite> <!-- com.cnhi.tests.TC01_BreakdownCreationJobcardDetails$Demotest -->
