<?xml version="1.0" encoding="UTF-8"?>
<!-- Generated by org.testng.reporters.JUnitReportReporter -->
<testsuite hostname="LIN65001941" failures="0" tests="1" name="com.cnhi.tests.TC07_BreakdownVehicleReceptionClientsignature$Demotest" time="460.603" errors="0" timestamp="06 Jun 2022 09:31:10 GMT" skipped="0">
  <testcase classname="com.cnhi.tests.TC07_BreakdownVehicleReceptionClientsignature$Demotest" name="BreakdownVehicleReceptionClientsignature" time="460.603"/>
</testsuite> <!-- com.cnhi.tests.TC07_BreakdownVehicleReceptionClientsignature$Demotest -->
