<?xml version="1.0" encoding="UTF-8"?>
<!-- Generated by org.testng.reporters.JUnitReportReporter -->
<testsuite hostname="LIN65001941" failures="0" tests="1" name="com.cnhi.tests.BreakdownVehicleReceptionClientsignature$Demotest" time="562.899" errors="0" timestamp="21 Apr 2022 11:00:34 GMT" skipped="0">
  <testcase classname="com.cnhi.tests.BreakdownVehicleReceptionClientsignature$Demotest" name="BreakdownVehicleReceptionClientsignature" time="562.899"/>
</testsuite> <!-- com.cnhi.tests.BreakdownVehicleReceptionClientsignature$Demotest -->
