<?xml version="1.0" encoding="UTF-8"?>
<!-- Generated by org.testng.reporters.JUnitReportReporter -->
<testsuite hostname="LIN65001941" failures="0" tests="1" name="com.cnhi.tests.TC04_VehicleReceptionMileageTachoAndEngineHours$Demotest" time="551.363" errors="0" timestamp="17 Jun 2022 06:45:40 GMT" skipped="0">
  <testcase classname="com.cnhi.tests.TC04_VehicleReceptionMileageTachoAndEngineHours$Demotest" name="Test4" time="551.363"/>
</testsuite> <!-- com.cnhi.tests.TC04_VehicleReceptionMileageTachoAndEngineHours$Demotest -->
