<?xml version="1.0" encoding="UTF-8"?>
<!-- Generated by org.testng.reporters.JUnitReportReporter -->
<testsuite hostname="LIN65001941" failures="0" tests="1" name="com.cnhi.tests.TC15_BreakdownRepairAddNewOperationDuringTheRepair$Demotest" time="484.836" errors="0" timestamp="08 Jun 2022 11:21:48 GMT" skipped="0">
  <testcase classname="com.cnhi.tests.TC15_BreakdownRepairAddNewOperationDuringTheRepair$Demotest" name="TC15_BreakdownRepairAddNewOperationDuringTheRepair" time="484.836"/>
</testsuite> <!-- com.cnhi.tests.TC15_BreakdownRepairAddNewOperationDuringTheRepair$Demotest -->
