<?xml version="1.0" encoding="UTF-8"?>
<!-- Generated by org.testng.reporters.JUnitReportReporter -->
<testsuite hostname="LIN65001941" failures="0" tests="1" name="com.cnhi.tests.TC08_BreakdownRepairGeneralAttachments$Demotest" time="548.911" errors="0" timestamp="06 Jun 2022 09:42:03 GMT" skipped="0">
  <testcase classname="com.cnhi.tests.TC08_BreakdownRepairGeneralAttachments$Demotest" name="BreakdownRepairGeneralAttachments" time="548.911"/>
</testsuite> <!-- com.cnhi.tests.TC08_BreakdownRepairGeneralAttachments$Demotest -->
