<?xml version="1.0" encoding="UTF-8"?>
<!-- Generated by org.testng.reporters.JUnitReportReporter -->
<testsuite hostname="LIN65001941" failures="0" tests="1" name="com.cnhi.tests.BreakdownCreationJobcardDetails$Demotest" time="539.501" errors="0" timestamp="21 Apr 2022 05:53:24 GMT" skipped="0">
  <testcase classname="com.cnhi.tests.BreakdownCreationJobcardDetails$Demotest" name="BreakdownCreationJobcardDetails" time="539.501"/>
</testsuite> <!-- com.cnhi.tests.BreakdownCreationJobcardDetails$Demotest -->
