<?xml version="1.0" encoding="UTF-8"?>
<!-- Generated by org.testng.reporters.JUnitReportReporter -->
<testsuite hostname="LIN65001941" failures="0" tests="1" name="com.cnhi.tests.TC14_BreakdownRepairAddNewActivityDuringTheRepair$Demotest" time="582.516" errors="0" timestamp="23 May 2022 07:13:00 GMT" skipped="0">
  <testcase classname="com.cnhi.tests.TC14_BreakdownRepairAddNewActivityDuringTheRepair$Demotest" name="TC14_BreakdownRepairAddNewActivityDuringTheRepair" time="582.516"/>
</testsuite> <!-- com.cnhi.tests.TC14_BreakdownRepairAddNewActivityDuringTheRepair$Demotest -->
