<?xml version="1.0" encoding="UTF-8"?>
<!-- Generated by org.testng.reporters.JUnitReportReporter -->
<testsuite hostname="LIN65001941" failures="0" tests="1" name="com.cnhi.tests.BreakdownVehicleReceptionChecklist$Demotest" time="634.788" errors="0" timestamp="21 Apr 2022 10:47:19 GMT" skipped="0">
  <testcase classname="com.cnhi.tests.BreakdownVehicleReceptionChecklist$Demotest" name="BreakdownVehicleReceptionChecklistTest" time="634.788"/>
</testsuite> <!-- com.cnhi.tests.BreakdownVehicleReceptionChecklist$Demotest -->
